<?xml version="1.0" encoding="UTF-8"?>
<!-- Generated by org.testng.reporters.JUnitReportReporter -->
<testsuite hostname="DESKTOP-BP8SCES" failures="0" tests="1" name="TestNg.TestNGQuestions" time="0.000" errors="0" timestamp="2022-07-05T10:16:39 IST" skipped="1">
  <testcase classname="TestNg.TestNGQuestions" name="loginFailed" time="0.000">
    <skipped/>
  </testcase> <!-- loginFailed -->
  <system-out/>
</testsuite> <!-- TestNg.TestNGQuestions -->
